# JRE version: Java(TM) SE Runtime Environment (7.0_51-b13) (build 1.7.0_51-b13)
# Java VM: Java HotSpot(TM) 64-Bit Server VM (24.51-b03 mixed mode linux-amd64 compressed oops)
Heap
 PSYoungGen      total 1291776K, used 201478K [0x00000007aaa80000, 0x0000000800000000, 0x0000000800000000)
  eden space 1189888K, 15% used [0x00000007aaa80000,0x00000007b600f2b8,0x00000007f3480000)
  from space 101888K, 15% used [0x00000007f3480000,0x00000007f43b28c8,0x00000007f9800000)
  to   space 96768K, 0% used [0x00000007fa180000,0x00000007fa180000,0x0000000800000000)
 ParOldGen       total 2796544K, used 1292587K [0x00000006fff80000, 0x00000007aaa80000, 0x00000007aaa80000)
  object space 2796544K, 46% used [0x00000006fff80000,0x000000074edcae40,0x00000007aaa80000)
 PSPermGen       total 221696K, used 221651K [0x00000006dff80000, 0x00000006ed800000, 0x00000006fff80000)
  object space 221696K, 99% used [0x00000006dff80000,0x00000006ed7f4d78,0x00000006ed800000)
GC Heap History (10 events):
Event: 100.179 GC heap before
{Heap before GC invocations=39 (full 0):
 PSYoungGen      total 1290240K, used 1197157K [0x00000007aaa80000, 0x0000000800000000, 0x0000000800000000)
  eden space 1174528K, 100% used [0x00000007aaa80000,0x00000007f2580000,0x00000007f2580000)
  from space 115712K, 19% used [0x00000007f8f00000,0x00000007fa5194e8,0x0000000800000000)
  to   space 108032K, 0% used [0x00000007f2580000,0x00000007f2580000,0x00000007f8f00000)
 ParOldGen       total 2796544K, used 1216397K [0x00000006fff80000, 0x00000007aaa80000, 0x00000007aaa80000)
  object space 2796544K, 43% used [0x00000006fff80000,0x000000074a3634a8,0x00000007aaa80000)
 PSPermGen       total 184832K, used 184614K [0x00000006dff80000, 0x00000006eb400000, 0x00000006fff80000)
  object space 184832K, 99% used [0x00000006dff80000,0x00000006eb3c9ae0,0x00000006eb400000)
Event: 100.228 GC heap after
Heap after GC invocations=39 (full 0):
 PSYoungGen      total 1282560K, used 36096K [0x00000007aaa80000, 0x0000000800000000, 0x0000000800000000)
  eden space 1174528K, 0% used [0x00000007aaa80000,0x00000007aaa80000,0x00000007f2580000)
  from space 108032K, 33% used [0x00000007f2580000,0x00000007f48c0348,0x00000007f8f00000)
  to   space 102912K, 0% used [0x00000007f9b80000,0x00000007f9b80000,0x0000000800000000)
 ParOldGen       total 2796544K, used 1227723K [0x00000006fff80000, 0x00000007aaa80000, 0x00000007aaa80000)
  object space 2796544K, 43% used [0x00000006fff80000,0x000000074ae72e50,0x00000007aaa80000)
 PSPermGen       total 184832K, used 184614K [0x00000006dff80000, 0x00000006eb400000, 0x00000006fff80000)
  object space 184832K, 99% used [0x00000006dff80000,0x00000006eb3c9ae0,0x00000006eb400000)
}
Event: 590.098 GC heap before
{Heap before GC invocations=40 (full 0):
 PSYoungGen      total 1282560K, used 1210624K [0x00000007aaa80000, 0x0000000800000000, 0x0000000800000000)
  eden space 1174528K, 100% used [0x00000007aaa80000,0x00000007f2580000,0x00000007f2580000)
  from space 108032K, 33% used [0x00000007f2580000,0x00000007f48c0348,0x00000007f8f00000)
  to   space 102912K, 0% used [0x00000007f9b80000,0x00000007f9b80000,0x0000000800000000)
 ParOldGen       total 2796544K, used 1227723K [0x00000006fff80000, 0x00000007aaa80000, 0x00000007aaa80000)
  object space 2796544K, 43% used [0x00000006fff80000,0x000000074ae72e50,0x00000007aaa80000)
 PSPermGen       total 216576K, used 216297K [0x00000006dff80000, 0x00000006ed300000, 0x00000006fff80000)
  object space 216576K, 99% used [0x00000006dff80000,0x00000006ed2ba548,0x00000006ed300000)
Event: 590.172 GC heap after
Heap after GC invocations=40 (full 0):
 PSYoungGen      total 1282048K, used 66561K [0x00000007aaa80000, 0x0000000800000000, 0x0000000800000000)
  eden space 1179136K, 0% used [0x00000007aaa80000,0x00000007aaa80000,0x00000007f2a00000)
  from space 102912K, 64% used [0x00000007f9b80000,0x00000007fdc804a8,0x0000000800000000)
  to   space 109568K, 0% used [0x00000007f2a00000,0x00000007f2a00000,0x00000007f9500000)
 ParOldGen       total 2796544K, used 1243400K [0x00000006fff80000, 0x00000007aaa80000, 0x00000007aaa80000)
  object space 2796544K, 44% used [0x00000006fff80000,0x000000074bdc20a0,0x00000007aaa80000)
 PSPermGen       total 216576K, used 216297K [0x00000006dff80000, 0x00000006ed300000, 0x00000006fff80000)
  object space 216576K, 99% used [0x00000006dff80000,0x00000006ed2ba548,0x00000006ed300000)
}
Event: 596.457 GC heap before
{Heap before GC invocations=41 (full 0):
 PSYoungGen      total 1282048K, used 1245697K [0x00000007aaa80000, 0x0000000800000000, 0x0000000800000000)
  eden space 1179136K, 100% used [0x00000007aaa80000,0x00000007f2a00000,0x00000007f2a00000)
  from space 102912K, 64% used [0x00000007f9b80000,0x00000007fdc804a8,0x0000000800000000)
  to   space 109568K, 0% used [0x00000007f2a00000,0x00000007f2a00000,0x00000007f9500000)
 ParOldGen       total 2796544K, used 1243400K [0x00000006fff80000, 0x00000007aaa80000, 0x00000007aaa80000)
  object space 2796544K, 44% used [0x00000006fff80000,0x000000074bdc20a0,0x00000007aaa80000)
 PSPermGen       total 217088K, used 216680K [0x00000006dff80000, 0x00000006ed380000, 0x00000006fff80000)
  object space 217088K, 99% used [0x00000006dff80000,0x00000006ed31a2f0,0x00000006ed380000)
Event: 596.510 GC heap after
Heap after GC invocations=41 (full 0):
 PSYoungGen      total 1288704K, used 5869K [0x00000007aaa80000, 0x0000000800000000, 0x0000000800000000)
  eden space 1179136K, 0% used [0x00000007aaa80000,0x00000007aaa80000,0x00000007f2a00000)
  from space 109568K, 5% used [0x00000007f2a00000,0x00000007f2fbb6c8,0x00000007f9500000)
  to   space 106496K, 0% used [0x00000007f9800000,0x00000007f9800000,0x0000000800000000)
 ParOldGen       total 2796544K, used 1285638K [0x00000006fff80000, 0x00000007aaa80000, 0x00000007aaa80000)
  object space 2796544K, 45% used [0x00000006fff80000,0x000000074e701a60,0x00000007aaa80000)
 PSPermGen       total 217088K, used 216680K [0x00000006dff80000, 0x00000006ed380000, 0x00000006fff80000)
  object space 217088K, 99% used [0x00000006dff80000,0x00000006ed31a2f0,0x00000006ed380000)
}
Event: 785.043 GC heap before
{Heap before GC invocations=42 (full 0):
 PSYoungGen      total 1288704K, used 1185005K [0x00000007aaa80000, 0x0000000800000000, 0x0000000800000000)
  eden space 1179136K, 100% used [0x00000007aaa80000,0x00000007f2a00000,0x00000007f2a00000)
  from space 109568K, 5% used [0x00000007f2a00000,0x00000007f2fbb6c8,0x00000007f9500000)
  to   space 106496K, 0% used [0x00000007f9800000,0x00000007f9800000,0x0000000800000000)
 ParOldGen       total 2796544K, used 1285638K [0x00000006fff80000, 0x00000007aaa80000, 0x00000007aaa80000)
  object space 2796544K, 45% used [0x00000006fff80000,0x000000074e701a60,0x00000007aaa80000)
 PSPermGen       total 221184K, used 221075K [0x00000006dff80000, 0x00000006ed780000, 0x00000006fff80000)
  object space 221184K, 99% used [0x00000006dff80000,0x00000006ed764d38,0x00000006ed780000)
Event: 785.064 GC heap after
Heap after GC invocations=42 (full 0):
 PSYoungGen      total 1296384K, used 12122K [0x00000007aaa80000, 0x0000000800000000, 0x0000000800000000)
  eden space 1189888K, 0% used [0x00000007aaa80000,0x00000007aaa80000,0x00000007f3480000)
  from space 106496K, 11% used [0x00000007f9800000,0x00000007fa3d6878,0x0000000800000000)
  to   space 101888K, 0% used [0x00000007f3480000,0x00000007f3480000,0x00000007f9800000)
 ParOldGen       total 2796544K, used 1287842K [0x00000006fff80000, 0x00000007aaa80000, 0x00000007aaa80000)
  object space 2796544K, 46% used [0x00000006fff80000,0x000000074e928a70,0x00000007aaa80000)
 PSPermGen       total 221184K, used 221075K [0x00000006dff80000, 0x00000006ed780000, 0x00000006fff80000)
  object space 221184K, 99% used [0x00000006dff80000,0x00000006ed764d38,0x00000006ed780000)
}
Event: 4082.182 GC heap before
{Heap before GC invocations=43 (full 0):
 PSYoungGen      total 1296384K, used 1202010K [0x00000007aaa80000, 0x0000000800000000, 0x0000000800000000)
  eden space 1189888K, 100% used [0x00000007aaa80000,0x00000007f3480000,0x00000007f3480000)
  from space 106496K, 11% used [0x00000007f9800000,0x00000007fa3d6878,0x0000000800000000)
  to   space 101888K, 0% used [0x00000007f3480000,0x00000007f3480000,0x00000007f9800000)
 ParOldGen       total 2796544K, used 1287842K [0x00000006fff80000, 0x00000007aaa80000, 0x00000007aaa80000)
  object space 2796544K, 46% used [0x00000006fff80000,0x000000074e928a70,0x00000007aaa80000)
 PSPermGen       total 221696K, used 221592K [0x00000006dff80000, 0x00000006ed800000, 0x00000006fff80000)
  object space 221696K, 99% used [0x00000006dff80000,0x00000006ed7e6320,0x00000006ed800000)
Event: 4082.215 GC heap after
Heap after GC invocations=43 (full 0):
 PSYoungGen      total 1291776K, used 15562K [0x00000007aaa80000, 0x0000000800000000, 0x0000000800000000)
  eden space 1189888K, 0% used [0x00000007aaa80000,0x00000007aaa80000,0x00000007f3480000)
  from space 101888K, 15% used [0x00000007f3480000,0x00000007f43b28c8,0x00000007f9800000)
  to   space 96768K, 0% used [0x00000007fa180000,0x00000007fa180000,0x0000000800000000)
 ParOldGen       total 2796544K, used 1292587K [0x00000006fff80000, 0x00000007aaa80000, 0x00000007aaa80000)
  object space 2796544K, 46% used [0x00000006fff80000,0x000000074edcae40,0x00000007aaa80000)
 PSPermGen       total 221696K, used 221592K [0x00000006dff80000, 0x00000006ed800000, 0x00000006fff80000)
  object space 221696K, 99% used [0x00000006dff80000,0x00000006ed7e6320,0x00000006ed800000)
}

